2012-12-08 22:54:17.774:WARN:omjr.Runner:No tx manager found
2012-12-08 22:54:17.809:INFO:omjr.Runner:Deploying file:/Users/antoniopagano/Projects/JetMan/apps/089e9d4e-967b-469b-9f09-ab356d5e1d57.war @ /
[o.e.j.w.WebAppContext{/,null},file:/Users/antoniopagano/Projects/JetMan/apps/089e9d4e-967b-469b-9f09-ab356d5e1d57.war]
2012-12-08 22:54:17.827:INFO:oejs.Server:jetty-7.x.y-SNAPSHOT
2012-12-08 22:54:17.856:INFO:oejw.WebInfConfiguration:Extract jar:file:/Users/antoniopagano/Projects/JetMan/apps/089e9d4e-967b-469b-9f09-ab356d5e1d57.war!/ to /private/var/folders/c0/99glvyrx02s5k7tj210rttz80000gn/T/jetty-0.0.0.0-1212-089e9d4e-967b-469b-9f09-ab356d5e1d57.war-_-any-/webapp
2012-12-08 22:54:19.642:INFO:oejpw.PlusConfiguration:No Transaction manager found - if your webapp requires one, please configure one.
2012-12-08 22:54:20.475:INFO:/:Initializing Spring root WebApplicationContext
2012-12-08 22:54:27.904:INFO:oejsh.ContextHandler:started o.e.j.w.WebAppContext{/,file:/private/var/folders/c0/99glvyrx02s5k7tj210rttz80000gn/T/jetty-0.0.0.0-1212-089e9d4e-967b-469b-9f09-ab356d5e1d57.war-_-any-/webapp/},file:/Users/antoniopagano/Projects/JetMan/apps/089e9d4e-967b-469b-9f09-ab356d5e1d57.war
2012-12-08 22:54:27.979:INFO:/:Initializing Spring FrameworkServlet 'grails'
2012-12-08 22:54:27.990:INFO:oejs.NCSARequestLog:Opened /Users/antoniopagano/Projects/JetMan/logs/089e9d4e-967b-469b-9f09-ab356d5e1d57.war.log
2012-12-08 22:54:28.011:INFO:oejs.AbstractConnector:Started SelectChannelConnector@0.0.0.0:1212
2012-12-08 22:56:45.852:INFO:/:Destroying Spring FrameworkServlet 'grails'
2012-12-08 22:56:46.039:INFO:/:Closing Spring root WebApplicationContext
2012-12-08 22:56:46.042:INFO:oejsl.ELContextCleaner:javax.el.BeanELResolver purged
2012-12-08 22:56:46.043:INFO:oejsh.ContextHandler:stopped o.e.j.w.WebAppContext{/,file:/private/var/folders/c0/99glvyrx02s5k7tj210rttz80000gn/T/jetty-0.0.0.0-1212-089e9d4e-967b-469b-9f09-ab356d5e1d57.war-_-any-/webapp/},file:/Users/antoniopagano/Projects/JetMan/apps/089e9d4e-967b-469b-9f09-ab356d5e1d57.war
2012-12-08 22:56:46.137:INFO:oejut.ShutdownThread:shutdown already commenced
2012-12-08 22:57:51.301:WARN:omjr.Runner:No tx manager found
ERROR: Context 'file:/Users/antoniopagano/Projects/JetMan/apps/089e9d4e-967b-469b-9f09-ab356d5e1d57.war' does not exist
Usage: java [-DDEBUG] [-Djetty.home=dir] -jar jetty-runner.jar [--help|--version] [ server opts] [[ context opts] context ...] 
Server Options:
 --version                          - display version and exit
 --log file                         - request log filename (with optional 'yyyy_mm_dd' wildcard
 --out file                         - info/warn/debug log filename (with optional 'yyyy_mm_dd' wildcard
 --port n                           - port to listen on (default 8080)
 --stop-port n                      - port to listen for stop command
 --stop-key n                       - security string for stop command (required if --stop-port is present)
 --jar file                         - a jar to be added to the classloader
 --jdbc classname properties jndiname - classname of XADataSource or driver; properties string; name to register in jndi
 --lib dir                          - a directory of jars to be added to the classloader
 --classes dir                      - a directory of classes to be added to the classloader
 --txFile                           - override properties file for Atomikos
 --stats [unsecure|realm.properties] - enable stats gathering servlet context
 --config file                      - a jetty xml config file to use instead of command line options
Context Options:
 --path /path       - context path (default /)
 context            - WAR file, web app dir or context.xml file
